2020-02-11 11:24:54 [restartedMain] DEBUG o.s.web.context.ContextLoader - Published root WebApplicationContext as ServletContext attribute with name [org.springframework.web.context.WebApplicationContext.ROOT]
2020-02-11 11:24:54 [restartedMain] INFO  o.s.web.context.ContextLoader - Root WebApplicationContext: initialization completed in 4124 ms
2020-02-11 11:25:00 [restartedMain] DEBUG o.s.w.s.h.SimpleUrlHandlerMapping - Patterns [/**/favicon.ico] in 'faviconHandlerMapping'
2020-02-11 11:25:00 [restartedMain] DEBUG o.s.w.s.m.m.a.RequestMappingHandlerAdapter - ControllerAdvice beans: 0 @ModelAttribute, 0 @InitBinder, 1 RequestBodyAdvice, 1 ResponseBodyAdvice
2020-02-11 11:25:00 [restartedMain] WARN  o.s.b.a.o.j.JpaBaseConfiguration$JpaWebConfiguration$JpaWebMvcConfiguration - spring.jpa.open-in-view is enabled by default. Therefore, database queries may be performed during view rendering. Explicitly configure spring.jpa.open-in-view to disable this warning
2020-02-11 11:25:00 [restartedMain] DEBUG o.s.w.s.m.m.a.RequestMappingHandlerMapping - 7 mappings in 'requestMappingHandlerMapping'
2020-02-11 11:25:00 [restartedMain] DEBUG o.s.w.s.h.SimpleUrlHandlerMapping - Patterns [/webjars/**, /**] in 'resourceHandlerMapping'
2020-02-11 11:25:00 [restartedMain] DEBUG o.s.w.s.m.m.a.ExceptionHandlerExceptionResolver - ControllerAdvice beans: 1 @ExceptionHandler, 1 ResponseBodyAdvice
2020-02-11 11:26:29 [http-nio-8083-exec-1] INFO  o.s.web.servlet.DispatcherServlet - Initializing Servlet 'dispatcherServlet'
2020-02-11 11:26:29 [http-nio-8083-exec-1] DEBUG o.s.web.servlet.DispatcherServlet - Detected StandardServletMultipartResolver
2020-02-11 11:26:29 [http-nio-8083-exec-1] DEBUG o.s.web.servlet.DispatcherServlet - enableLoggingRequestDetails='false': request parameters and headers will be masked to prevent unsafe logging of potentially sensitive data
2020-02-11 11:26:29 [http-nio-8083-exec-1] INFO  o.s.web.servlet.DispatcherServlet - Completed initialization in 12 ms
2020-02-11 11:26:30 [http-nio-8083-exec-1] DEBUG o.s.web.servlet.DispatcherServlet - GET "/api/v1/users", parameters={}
2020-02-11 11:26:30 [http-nio-8083-exec-1] DEBUG o.s.w.s.m.m.a.RequestMappingHandlerMapping - Mapped to public java.util.List<com.jmendoza.springbootcrudrest.model.User> com.jmendoza.springbootcrudrest.controller.UserController.getAllUsers()
2020-02-11 11:26:30 [http-nio-8083-exec-1] DEBUG o.s.w.s.m.m.a.RequestResponseBodyMethodProcessor - Using 'application/json', given [*/*] and supported [application/json, application/*+json, application/json, application/*+json]
2020-02-11 11:26:30 [http-nio-8083-exec-1] DEBUG o.s.w.s.m.m.a.RequestResponseBodyMethodProcessor - Writing [[]]
2020-02-11 11:26:30 [http-nio-8083-exec-1] DEBUG o.s.web.servlet.DispatcherServlet - Completed 200 OK
2020-02-11 11:27:49 [restartedMain] DEBUG o.s.web.context.ContextLoader - Published root WebApplicationContext as ServletContext attribute with name [org.springframework.web.context.WebApplicationContext.ROOT]
2020-02-11 11:27:49 [restartedMain] INFO  o.s.web.context.ContextLoader - Root WebApplicationContext: initialization completed in 2599 ms
2020-02-11 11:27:50 [restartedMain] DEBUG o.s.w.s.h.SimpleUrlHandlerMapping - Patterns [/**/favicon.ico] in 'faviconHandlerMapping'
2020-02-11 11:27:50 [restartedMain] DEBUG o.s.w.s.m.m.a.RequestMappingHandlerAdapter - ControllerAdvice beans: 0 @ModelAttribute, 0 @InitBinder, 1 RequestBodyAdvice, 1 ResponseBodyAdvice
2020-02-11 11:27:50 [restartedMain] WARN  o.s.b.a.o.j.JpaBaseConfiguration$JpaWebConfiguration$JpaWebMvcConfiguration - spring.jpa.open-in-view is enabled by default. Therefore, database queries may be performed during view rendering. Explicitly configure spring.jpa.open-in-view to disable this warning
2020-02-11 11:27:51 [restartedMain] DEBUG o.s.w.s.m.m.a.RequestMappingHandlerMapping - 7 mappings in 'requestMappingHandlerMapping'
2020-02-11 11:27:51 [restartedMain] DEBUG o.s.w.s.h.SimpleUrlHandlerMapping - Patterns [/webjars/**, /**] in 'resourceHandlerMapping'
2020-02-11 11:27:51 [restartedMain] DEBUG o.s.w.s.m.m.a.ExceptionHandlerExceptionResolver - ControllerAdvice beans: 1 @ExceptionHandler, 1 ResponseBodyAdvice
2020-02-11 11:38:58 [http-nio-8083-exec-1] INFO  o.s.web.servlet.DispatcherServlet - Initializing Servlet 'dispatcherServlet'
2020-02-11 11:38:58 [http-nio-8083-exec-1] DEBUG o.s.web.servlet.DispatcherServlet - Detected StandardServletMultipartResolver
2020-02-11 11:38:58 [http-nio-8083-exec-1] DEBUG o.s.web.servlet.DispatcherServlet - enableLoggingRequestDetails='false': request parameters and headers will be masked to prevent unsafe logging of potentially sensitive data
2020-02-11 11:38:58 [http-nio-8083-exec-1] INFO  o.s.web.servlet.DispatcherServlet - Completed initialization in 14 ms
2020-02-11 11:38:59 [http-nio-8083-exec-1] DEBUG o.s.web.servlet.DispatcherServlet - POST "/api/v1/users", parameters={}
2020-02-11 11:38:59 [http-nio-8083-exec-1] DEBUG o.s.w.s.m.m.a.RequestMappingHandlerMapping - Mapped to public com.jmendoza.springbootcrudrest.model.User com.jmendoza.springbootcrudrest.controller.UserController.createUser(com.jmendoza.springbootcrudrest.model.User)
2020-02-11 11:38:59 [http-nio-8083-exec-1] DEBUG o.s.w.s.m.m.a.RequestResponseBodyMethodProcessor - Read "application/json;charset=UTF-8" to [com.jmendoza.springbootcrudrest.model.User@396ae012]
2020-02-11 11:38:59 [http-nio-8083-exec-1] DEBUG o.s.w.s.m.m.a.RequestResponseBodyMethodProcessor - Using 'application/json', given [*/*] and supported [application/json, application/*+json, application/json, application/*+json]
2020-02-11 11:38:59 [http-nio-8083-exec-1] DEBUG o.s.w.s.m.m.a.RequestResponseBodyMethodProcessor - Writing [com.jmendoza.springbootcrudrest.model.User@396ae012]
2020-02-11 11:38:59 [http-nio-8083-exec-1] DEBUG o.s.web.servlet.DispatcherServlet - Completed 200 OK
2020-02-11 11:47:39 [http-nio-8083-exec-3] DEBUG o.s.web.servlet.DispatcherServlet - GET "/api/v1/users/1", parameters={}
2020-02-11 11:47:39 [http-nio-8083-exec-3] DEBUG o.s.w.s.m.m.a.RequestMappingHandlerMapping - Mapped to public org.springframework.http.ResponseEntity<com.jmendoza.springbootcrudrest.model.User> com.jmendoza.springbootcrudrest.controller.UserController.getUserById(java.lang.Long) throws com.jmendoza.springbootcrudrest.exception.ResourceNotFoundException
2020-02-11 11:47:39 [http-nio-8083-exec-3] DEBUG o.s.w.s.m.m.a.HttpEntityMethodProcessor - Using 'application/json', given [*/*] and supported [application/json, application/*+json, application/json, application/*+json]
2020-02-11 11:47:39 [http-nio-8083-exec-3] DEBUG o.s.w.s.m.m.a.HttpEntityMethodProcessor - Writing [com.jmendoza.springbootcrudrest.model.User@2c810f59]
2020-02-11 11:47:39 [http-nio-8083-exec-3] DEBUG o.s.web.servlet.DispatcherServlet - Completed 200 OK
2020-02-11 11:54:23 [http-nio-8083-exec-5] DEBUG o.s.web.servlet.DispatcherServlet - PUT "/api/v1/users/1", parameters={}
2020-02-11 11:54:23 [http-nio-8083-exec-5] DEBUG o.s.w.s.m.m.a.RequestMappingHandlerMapping - Mapped to public org.springframework.http.ResponseEntity<com.jmendoza.springbootcrudrest.model.User> com.jmendoza.springbootcrudrest.controller.UserController.updateUser(java.lang.Long,com.jmendoza.springbootcrudrest.model.User) throws com.jmendoza.springbootcrudrest.exception.ResourceNotFoundException
2020-02-11 11:54:23 [http-nio-8083-exec-5] DEBUG o.s.w.s.m.m.a.RequestResponseBodyMethodProcessor - Read "application/json;charset=UTF-8" to [com.jmendoza.springbootcrudrest.model.User@f1b13da]
2020-02-11 11:54:23 [http-nio-8083-exec-5] DEBUG o.s.w.s.m.m.a.HttpEntityMethodProcessor - Using 'application/json', given [*/*] and supported [application/json, application/*+json, application/json, application/*+json]
2020-02-11 11:54:23 [http-nio-8083-exec-5] DEBUG o.s.w.s.m.m.a.HttpEntityMethodProcessor - Writing [com.jmendoza.springbootcrudrest.model.User@434de349]
2020-02-11 11:54:23 [http-nio-8083-exec-5] DEBUG o.s.web.servlet.DispatcherServlet - Completed 200 OK
2020-02-11 12:09:51 [http-nio-8083-exec-7] DEBUG o.s.web.servlet.DispatcherServlet - POST "/api/v1/users", parameters={}
2020-02-11 12:09:51 [http-nio-8083-exec-7] DEBUG o.s.w.s.m.m.a.RequestMappingHandlerMapping - Mapped to public com.jmendoza.springbootcrudrest.model.User com.jmendoza.springbootcrudrest.controller.UserController.createUser(com.jmendoza.springbootcrudrest.model.User)
2020-02-11 12:09:51 [http-nio-8083-exec-7] DEBUG o.s.w.s.m.m.a.RequestResponseBodyMethodProcessor - Read "application/json;charset=UTF-8" to [com.jmendoza.springbootcrudrest.model.User@27de07c]
2020-02-11 12:09:51 [http-nio-8083-exec-7] DEBUG o.s.w.s.m.m.a.RequestResponseBodyMethodProcessor - Using 'application/json', given [*/*] and supported [application/json, application/*+json, application/json, application/*+json]
2020-02-11 12:09:51 [http-nio-8083-exec-7] DEBUG o.s.w.s.m.m.a.RequestResponseBodyMethodProcessor - Writing [com.jmendoza.springbootcrudrest.model.User@27de07c]
2020-02-11 12:09:51 [http-nio-8083-exec-7] DEBUG o.s.web.servlet.DispatcherServlet - Completed 200 OK
2020-02-11 12:10:29 [http-nio-8083-exec-8] DEBUG o.s.web.servlet.DispatcherServlet - POST "/api/v1/users", parameters={}
2020-02-11 12:10:29 [http-nio-8083-exec-8] DEBUG o.s.w.s.m.m.a.RequestMappingHandlerMapping - Mapped to public com.jmendoza.springbootcrudrest.model.User com.jmendoza.springbootcrudrest.controller.UserController.createUser(com.jmendoza.springbootcrudrest.model.User)
2020-02-11 12:10:29 [http-nio-8083-exec-8] DEBUG o.s.w.s.m.m.a.RequestResponseBodyMethodProcessor - Read "application/json;charset=UTF-8" to [com.jmendoza.springbootcrudrest.model.User@561de0d7]
2020-02-11 12:10:29 [http-nio-8083-exec-8] DEBUG o.s.w.s.m.m.a.RequestResponseBodyMethodProcessor - Using 'application/json', given [*/*] and supported [application/json, application/*+json, application/json, application/*+json]
2020-02-11 12:10:29 [http-nio-8083-exec-8] DEBUG o.s.w.s.m.m.a.RequestResponseBodyMethodProcessor - Writing [com.jmendoza.springbootcrudrest.model.User@561de0d7]
2020-02-11 12:10:29 [http-nio-8083-exec-8] DEBUG o.s.web.servlet.DispatcherServlet - Completed 200 OK
2020-02-11 12:11:26 [http-nio-8083-exec-9] DEBUG o.s.web.servlet.DispatcherServlet - POST "/api/v1/users", parameters={}
2020-02-11 12:11:26 [http-nio-8083-exec-9] DEBUG o.s.w.s.m.m.a.RequestMappingHandlerMapping - Mapped to public com.jmendoza.springbootcrudrest.model.User com.jmendoza.springbootcrudrest.controller.UserController.createUser(com.jmendoza.springbootcrudrest.model.User)
2020-02-11 12:11:26 [http-nio-8083-exec-9] DEBUG o.s.w.s.m.m.a.RequestResponseBodyMethodProcessor - Read "application/json;charset=UTF-8" to [com.jmendoza.springbootcrudrest.model.User@4ab39f71]
2020-02-11 12:11:26 [http-nio-8083-exec-9] DEBUG o.s.w.s.m.m.a.RequestResponseBodyMethodProcessor - Using 'application/json', given [*/*] and supported [application/json, application/*+json, application/json, application/*+json]
2020-02-11 12:11:26 [http-nio-8083-exec-9] DEBUG o.s.w.s.m.m.a.RequestResponseBodyMethodProcessor - Writing [com.jmendoza.springbootcrudrest.model.User@4ab39f71]
2020-02-11 12:11:26 [http-nio-8083-exec-9] DEBUG o.s.web.servlet.DispatcherServlet - Completed 200 OK
2020-02-11 12:12:06 [http-nio-8083-exec-10] DEBUG o.s.web.servlet.DispatcherServlet - GET "/api/v1/users/", parameters={}
2020-02-11 12:12:06 [http-nio-8083-exec-10] DEBUG o.s.w.s.m.m.a.RequestMappingHandlerMapping - Mapped to public java.util.List<com.jmendoza.springbootcrudrest.model.User> com.jmendoza.springbootcrudrest.controller.UserController.getAllUsers()
2020-02-11 12:12:06 [http-nio-8083-exec-10] DEBUG o.s.w.s.m.m.a.RequestResponseBodyMethodProcessor - Using 'application/json', given [*/*] and supported [application/json, application/*+json, application/json, application/*+json]
2020-02-11 12:12:06 [http-nio-8083-exec-10] DEBUG o.s.w.s.m.m.a.RequestResponseBodyMethodProcessor - Writing [[com.jmendoza.springbootcrudrest.model.User@5dcf8ccd, com.jmendoza.springbootcrudrest.model.User@7c72960c, com.jmendoza.springbootcrudrest.model.User@4403d160, com.jmendoza.springbootcrudrest.model.User@69acd59a]]
2020-02-11 12:12:06 [http-nio-8083-exec-10] DEBUG o.s.web.servlet.DispatcherServlet - Completed 200 OK
2020-02-11 12:16:05 [http-nio-8083-exec-2] DEBUG o.s.web.servlet.DispatcherServlet - DELETE "/api/v1/users/4", parameters={}
2020-02-11 12:16:05 [http-nio-8083-exec-2] DEBUG o.s.w.s.m.m.a.RequestMappingHandlerMapping - Mapped to public java.util.Map<java.lang.String, java.lang.Boolean> com.jmendoza.springbootcrudrest.controller.UserController.deleteUser(java.lang.Long) throws com.jmendoza.springbootcrudrest.exception.ResourceNotFoundException
2020-02-11 12:16:05 [http-nio-8083-exec-2] DEBUG o.s.w.s.m.m.a.RequestResponseBodyMethodProcessor - Using 'application/json', given [*/*] and supported [application/json, application/*+json, application/json, application/*+json]
2020-02-11 12:16:05 [http-nio-8083-exec-2] DEBUG o.s.w.s.m.m.a.RequestResponseBodyMethodProcessor - Writing [{deleted=true}]
2020-02-11 12:16:05 [http-nio-8083-exec-2] DEBUG o.s.web.servlet.DispatcherServlet - Completed 200 OK
2020-02-11 12:16:25 [http-nio-8083-exec-3] DEBUG o.s.web.servlet.DispatcherServlet - GET "/api/v1/users/", parameters={}
2020-02-11 12:16:25 [http-nio-8083-exec-3] DEBUG o.s.w.s.m.m.a.RequestMappingHandlerMapping - Mapped to public java.util.List<com.jmendoza.springbootcrudrest.model.User> com.jmendoza.springbootcrudrest.controller.UserController.getAllUsers()
2020-02-11 12:16:25 [http-nio-8083-exec-3] DEBUG o.s.w.s.m.m.a.RequestResponseBodyMethodProcessor - Using 'application/json', given [*/*] and supported [application/json, application/*+json, application/json, application/*+json]
2020-02-11 12:16:25 [http-nio-8083-exec-3] DEBUG o.s.w.s.m.m.a.RequestResponseBodyMethodProcessor - Writing [[com.jmendoza.springbootcrudrest.model.User@fa43221, com.jmendoza.springbootcrudrest.model.User@53433feb, com.jmendoza.springbootcrudrest.model.User@5fe8282e]]
2020-02-11 12:16:25 [http-nio-8083-exec-3] DEBUG o.s.web.servlet.DispatcherServlet - Completed 200 OK
2020-02-11 12:27:49 [restartedMain] DEBUG o.s.web.context.ContextLoader - Published root WebApplicationContext as ServletContext attribute with name [org.springframework.web.context.WebApplicationContext.ROOT]
2020-02-11 12:27:49 [restartedMain] INFO  o.s.web.context.ContextLoader - Root WebApplicationContext: initialization completed in 2295 ms
2020-02-11 12:27:51 [restartedMain] DEBUG o.s.w.s.h.SimpleUrlHandlerMapping - Patterns [/**/favicon.ico] in 'faviconHandlerMapping'
2020-02-11 12:27:51 [restartedMain] DEBUG o.s.w.s.m.m.a.RequestMappingHandlerAdapter - ControllerAdvice beans: 0 @ModelAttribute, 0 @InitBinder, 1 RequestBodyAdvice, 1 ResponseBodyAdvice
2020-02-11 12:27:51 [restartedMain] WARN  o.s.b.a.o.j.JpaBaseConfiguration$JpaWebConfiguration$JpaWebMvcConfiguration - spring.jpa.open-in-view is enabled by default. Therefore, database queries may be performed during view rendering. Explicitly configure spring.jpa.open-in-view to disable this warning
2020-02-11 12:27:51 [restartedMain] DEBUG o.s.w.s.m.m.a.RequestMappingHandlerMapping - 7 mappings in 'requestMappingHandlerMapping'
2020-02-11 12:27:51 [restartedMain] DEBUG o.s.w.s.h.SimpleUrlHandlerMapping - Patterns [/webjars/**, /**] in 'resourceHandlerMapping'
2020-02-11 12:27:51 [restartedMain] DEBUG o.s.w.s.m.m.a.ExceptionHandlerExceptionResolver - ControllerAdvice beans: 1 @ExceptionHandler, 1 ResponseBodyAdvice
2020-02-11 12:28:13 [http-nio-8083-exec-1] INFO  o.s.web.servlet.DispatcherServlet - Initializing Servlet 'dispatcherServlet'
2020-02-11 12:28:13 [http-nio-8083-exec-1] DEBUG o.s.web.servlet.DispatcherServlet - Detected StandardServletMultipartResolver
2020-02-11 12:28:13 [http-nio-8083-exec-1] DEBUG o.s.web.servlet.DispatcherServlet - enableLoggingRequestDetails='false': request parameters and headers will be masked to prevent unsafe logging of potentially sensitive data
2020-02-11 12:28:13 [http-nio-8083-exec-1] INFO  o.s.web.servlet.DispatcherServlet - Completed initialization in 11 ms
2020-02-11 12:28:13 [http-nio-8083-exec-1] DEBUG o.s.web.servlet.DispatcherServlet - GET "/api/v1/users/", parameters={}
2020-02-11 12:28:13 [http-nio-8083-exec-1] DEBUG o.s.w.s.m.m.a.RequestMappingHandlerMapping - Mapped to public java.util.List<com.jmendoza.springbootcrudrest.model.User> com.jmendoza.springbootcrudrest.controller.UserController.getAllUsers()
2020-02-11 12:28:13 [http-nio-8083-exec-1] DEBUG o.s.w.s.m.m.a.RequestResponseBodyMethodProcessor - Using 'application/json', given [*/*] and supported [application/json, application/*+json, application/json, application/*+json]
2020-02-11 12:28:13 [http-nio-8083-exec-1] DEBUG o.s.w.s.m.m.a.RequestResponseBodyMethodProcessor - Writing [[com.jmendoza.springbootcrudrest.model.User@5de98670, com.jmendoza.springbootcrudrest.model.User@7889b806, com.jmendoza.springbootcrudrest.model.User@692e6d18]]
2020-02-11 12:28:13 [http-nio-8083-exec-1] DEBUG o.s.web.servlet.DispatcherServlet - Completed 200 OK
